<?xml version="1.0" encoding="UTF-8"?>
<!-- Generated by org.testng.reporters.JUnitReportReporter -->
<testsuite hostname="DESKTOP-S1MQ5B3" failures="0" tests="2" name="com.qa.TestLayer.FWDriverScript2" time="56.447" errors="0" timestamp="10 Aug 2023 16:19:34 GMT" skipped="0">
  <testcase classname="com.qa.TestLayer.FWDriverScript2" name="validateSingleSelectionDropdown_TC01" time="28.109"/>
  <testcase classname="com.qa.TestLayer.FWDriverScript2" name="validateMultiSelectionDropdown_TC02" time="28.338"/>
</testsuite> <!-- com.qa.TestLayer.FWDriverScript2 -->
