<?xml version="1.0" encoding="UTF-8"?>
<!-- Generated by org.testng.reporters.JUnitReportReporter -->
<testsuite hostname="DESKTOP-S1MQ5B3" failures="0" tests="4" name="com.qa.TestLayer.FWDriverScript" time="45.464" errors="0" timestamp="17 Aug 2023 16:32:21 GMT" skipped="0">
  <testcase classname="com.qa.TestLayer.FWDriverScript" name="validateTitle_TC03" time="11.198"/>
  <testcase classname="com.qa.TestLayer.FWDriverScript" name="validateTitle_TC03" time="10.357"/>
  <testcase classname="com.qa.TestLayer.FWDriverScript" name="validateTitle_TC03" time="11.562"/>
  <testcase classname="com.qa.TestLayer.FWDriverScript" name="validateTitle_TC03" time="12.347"/>
</testsuite> <!-- com.qa.TestLayer.FWDriverScript -->
